2024-06-25 19:58:46.662744 [INFO]: Setting up PDF Processing...
2024-06-25 19:58:46.68227 [INFO]: Found 22 PDF files in inst/testfiles
2024-06-25 19:58:51.691017 [INFO]: Processing inst/testfiles/Invoice-7DF1CC31-0002.pdf...
2024-06-25 19:59:14.999441 [INFO]: Setting up PDF Processing...
2024-06-25 19:59:15.103628 [INFO]: Found 22 PDF files in inst/testfiles
2024-06-25 19:59:15.117707 [INFO]: Processing inst/testfiles/Invoice-7DF1CC31-0002.pdf...
2024-06-25 19:59:15.698131 [INFO]: Processing inst/testfiles/Invoice-7DF1CC31-0003.pdf...
2024-06-25 19:59:15.72441 [INFO]: Processing inst/testfiles/Invoice-B85534E0-0001.pdf...
2024-06-25 19:59:16.287901 [INFO]: Processing inst/testfiles/Invoice-EE8D588C-0002 (1).pdf...
2024-06-25 19:59:16.310367 [INFO]: Processing inst/testfiles/Invoice-EE8D588C-0002 (2).pdf...
2024-06-25 19:59:16.814305 [INFO]: Processing inst/testfiles/Invoice-EE8D588C-0002 (3).pdf...
2024-06-25 19:59:16.83482 [INFO]: Processing inst/testfiles/Invoice-EE8D588C-0002.pdf...
2024-06-25 19:59:16.856184 [INFO]: Processing inst/testfiles/Invoice-EE8D588C-0003.pdf...
2024-06-25 19:59:17.388135 [INFO]: Processing inst/testfiles/Invoice-F091D19D-0001.pdf...
2024-06-25 19:59:17.409495 [INFO]: Processing inst/testfiles/Invoice-F091D19D-0002 (1).pdf...
2024-06-25 19:59:17.918439 [INFO]: Processing inst/testfiles/Invoice-F091D19D-0002.pdf...
2024-06-25 19:59:17.941641 [INFO]: Processing inst/testfiles/Receipt-2217-5755 (1).pdf...
2024-06-25 19:59:18.462188 [INFO]: Processing inst/testfiles/Receipt-2217-5755 (2).pdf...
2024-06-25 19:59:18.48377 [INFO]: Processing inst/testfiles/Receipt-2217-5755.pdf...
2024-06-25 19:59:18.505789 [INFO]: Processing inst/testfiles/Receipt-2434-3640.pdf...
2024-06-25 19:59:19.02697 [INFO]: Processing inst/testfiles/Receipt-2485-8071.pdf...
2024-06-25 19:59:19.049317 [INFO]: Processing inst/testfiles/Receipt-2704-3284 (1).pdf...
2024-06-25 19:59:20.503627 [INFO]: Processing inst/testfiles/Receipt-2704-3284 (2).pdf...
2024-06-25 19:59:20.52391 [INFO]: Processing inst/testfiles/Receipt-2704-3284 (3).pdf...
2024-06-25 19:59:20.547248 [INFO]: Processing inst/testfiles/Receipt-2704-3284.pdf...
2024-06-25 19:59:20.569941 [INFO]: Processing inst/testfiles/Receipt-2704-9162.pdf...
2024-06-25 19:59:20.591426 [INFO]: Processing inst/testfiles/Receipt-2881-1843.pdf...
2024-06-25 20:00:09.825677 [INFO]: Setting up PDF Processing...
2024-06-25 20:00:09.848329 [INFO]: Found 22 PDF files in inst/testfiles
2024-06-25 20:00:09.863334 [INFO]: Processing inst/testfiles/Invoice-7DF1CC31-0002.pdf...
2024-06-25 20:00:10.019832 [INFO]: Processed inst/testfiles/Invoice-7DF1CC31-0002.pdf to inst/output/Invoices/Fly.io/2024-03-31-Fly.io-Invoice-7DF1CC31-0002.pdf
2024-06-25 20:00:10.040065 [INFO]: Archived inst/testfiles/Invoice-7DF1CC31-0002.pdf to inst/testfiles/archive/2024-06-25
2024-06-25 20:00:10.537144 [INFO]: Finished processing inst/testfiles/Invoice-7DF1CC31-0002.pdf
2024-06-25 20:00:10.549376 [INFO]: Processing inst/testfiles/Invoice-7DF1CC31-0003.pdf...
2024-06-25 20:00:10.607084 [INFO]: Processed inst/testfiles/Invoice-7DF1CC31-0003.pdf to inst/output/Invoices/Fly.io/2024-04-30-Fly.io-Invoice-7DF1CC31-0003.pdf
2024-06-25 20:00:10.628507 [INFO]: Archived inst/testfiles/Invoice-7DF1CC31-0003.pdf to inst/testfiles/archive/2024-06-25
2024-06-25 20:00:11.217802 [INFO]: Finished processing inst/testfiles/Invoice-7DF1CC31-0003.pdf
2024-06-25 20:00:11.231589 [INFO]: Processing inst/testfiles/Invoice-B85534E0-0001.pdf...
2024-06-25 20:00:11.257477 [INFO]: Processed inst/testfiles/Invoice-B85534E0-0001.pdf to inst/output/Invoices/Cal.com/2024-03-11-Cal.com-Invoice-B85534E0-0001.pdf
2024-06-25 20:00:13.302891 [INFO]: Archived inst/testfiles/Invoice-B85534E0-0001.pdf to inst/testfiles/archive/2024-06-25
2024-06-25 20:00:13.371343 [INFO]: Finished processing inst/testfiles/Invoice-B85534E0-0001.pdf
2024-06-25 20:00:13.383048 [INFO]: Processing inst/testfiles/Invoice-EE8D588C-0002 (1).pdf...
2024-06-25 20:00:13.446545 [INFO]: Processed inst/testfiles/Invoice-EE8D588C-0002 (1).pdf to inst/output/Invoices/Testimonial/2024-04-03-Testimonial-Invoice-EE8D588C-0002.pdf
2024-06-25 20:00:13.469247 [INFO]: Archived inst/testfiles/Invoice-EE8D588C-0002 (1).pdf to inst/testfiles/archive/2024-06-25
2024-06-25 20:00:15.056749 [INFO]: Finished processing inst/testfiles/Invoice-EE8D588C-0002 (1).pdf
2024-06-25 20:00:15.07041 [INFO]: Processing inst/testfiles/Invoice-EE8D588C-0002 (2).pdf...
2024-06-25 20:00:15.089942 [WARNING]: File inst/output/Invoices/Testimonial/2024-04-03-Testimonial-Invoice-EE8D588C-0002.pdf already exists. Overwriting...
2024-06-25 20:00:16.185519 [INFO]: Processed inst/testfiles/Invoice-EE8D588C-0002 (2).pdf to inst/output/Invoices/Testimonial/2024-04-03-Testimonial-Invoice-EE8D588C-0002.pdf
2024-06-25 20:00:16.203733 [INFO]: Archived inst/testfiles/Invoice-EE8D588C-0002 (2).pdf to inst/testfiles/archive/2024-06-25
2024-06-25 20:00:17.771042 [INFO]: Finished processing inst/testfiles/Invoice-EE8D588C-0002 (2).pdf
2024-06-25 20:00:17.784152 [INFO]: Processing inst/testfiles/Invoice-EE8D588C-0002 (3).pdf...
2024-06-25 20:00:17.80742 [WARNING]: File inst/output/Invoices/Testimonial/2024-04-03-Testimonial-Invoice-EE8D588C-0002.pdf already exists. Overwriting...
2024-06-25 20:00

:18.839792 [INFO]: Processed inst/testfiles/Invoice-EE8D588C-0002 (3).pdf to inst/output/Invoices/Testimonial/2024-04-03-Testimonial-Invoice-EE8D588C-0002.pdf
2024-06-25 20:00:18.856788 [INFO]: Archived inst/testfiles/Invoice-EE8D588C-0002 (3).pdf to inst/testfiles/archive/2024-06-25
2024-06-25 20:00:18.926656 [INFO]: Finished processing inst/testfiles/Invoice-EE8D588C-0002 (3).pdf
2024-06-25 20:00:20.058373 [INFO]: Processing inst/testfiles/Invoice-EE8D588C-0002.pdf...
2024-06-25 20:00:20.078859 [WARNING]: File inst/output/Invoices/Testimonial/2024-04-03-Testimonial-Invoice-EE8D588C-0002.pdf already exists. Overwriting...
2024-06-25 20:00:20.097571 [INFO]: Processed inst/testfiles/Invoice-EE8D588C-0002.pdf to inst/output/Invoices/Testimonial/2024-04-03-Testimonial-Invoice-EE8D588C-0002.pdf
2024-06-25 20:00:20.117287 [INFO]: Archived inst/testfiles/Invoice-EE8D588C-0002.pdf to inst/testfiles/archive/2024-06-25
2024-06-25 20:00:20.189223 [INFO]: Finished processing inst/testfiles/Invoice-EE8D588C-0002.pdf
2024-06-25 20:00:20.20278 [INFO]: Processing inst/testfiles/Invoice-EE8D588C-0003.pdf...
2024-06-25 20:00:20.230052 [INFO]: Processed inst/testfiles/Invoice-EE8D588C-0003.pdf to inst/output/Invoices/Testimonial/2024-05-03-Testimonial-Invoice-EE8D588C-0003.pdf
2024-06-25 20:00:20.24928 [INFO]: Archived inst/testfiles/Invoice-EE8D588C-0003.pdf to inst/testfiles/archive/2024-06-25
2024-06-25 20:00:20.264996 [INFO]: Finished processing inst/testfiles/Invoice-EE8D588C-0003.pdf
2024-06-25 20:00:20.281754 [INFO]: Processing inst/testfiles/Invoice-F091D19D-0001.pdf...
2024-06-25 20:00:20.303347 [WARNING]: File inst/output/Invoices/Twenty.com/2024-05-01-Twenty.com-Invoice-F091D19D-0001.pdf already exists. Overwriting...
2024-06-25 20:00:20.351374 [INFO]: Processed inst/testfiles/Invoice-F091D19D-0001.pdf to inst/output/Invoices/Twenty.com/2024-05-01-Twenty.com-Invoice-F091D19D-0001.pdf
2024-06-25 20:00:21.842275 [INFO]: Archived inst/testfiles/Invoice-F091D19D-0001.pdf to inst/testfiles/archive/2024-06-25
2024-06-25 20:00:21.906524 [INFO]: Finished processing inst/testfiles/Invoice-F091D19D-0001.pdf
2024-06-25 20:00:21.926093 [INFO]: Processing inst/testfiles/Invoice-F091D19D-0002 (1).pdf...
2024-06-25 20:00:21.960865 [WARNING]: File inst/output/Invoices/Twenty.com/2024-05-08-Twenty.com-Invoice-F091D19D-0002.pdf already exists. Overwriting...
2024-06-25 20:00:23.130879 [INFO]: Processed inst/testfiles/Invoice-F091D19D-0002 (1).pdf to inst/output/Invoices/Twenty.com/2024-05-08-Twenty.com-Invoice-F091D19D-0002.pdf
2024-06-25 20:00:23.151666 [INFO]: Archived inst/testfiles/Invoice-F091D19D-0002 (1).pdf to inst/testfiles/archive/2024-06-25
2024-06-25 20:00:23.223643 [INFO]: Finished processing inst/testfiles/Invoice-F091D19D-0002 (1).pdf
2024-06-25 20:00:23.238699 [INFO]: Processing inst/testfiles/Invoice-F091D19D-0002.pdf...
2024-06-25 20:00:23.260948 [WARNING]: File inst/output/Invoices/Twenty.com/2024-05-08-Twenty.com-Invoice-F091D19D-0002.pdf already exists. Overwriting...
2024-06-25 20:00:23.313058 [INFO]: Processed inst/testfiles/Invoice-F091D19D-0002.pdf to inst/output/Invoices/Twenty.com/2024-05-08-Twenty.com-Invoice-F091D19D-0002.pdf
2024-06-25 20:00:23.332097 [INFO]: Archived inst/testfiles/Invoice-F091D19D-0002.pdf to inst/testfiles/archive/2024-06-25
2024-06-25 20:00:23.34662 [INFO]: Finished processing inst/testfiles/Invoice-F091D19D-0002.pdf
2024-06-25 20:00:23.362632 [INFO]: Processing inst/testfiles/Receipt-2217-5755 (1).pdf...
2024-06-25 20:00:23.394285 [WARNING]: File inst/output/Receipts/Twenty.com/2024-05-08-Twenty.com-Receipt-2217-5755.pdf already exists. Overwriting...
2024-06-25 20:00:25.443576 [INFO]: Processed inst/testfiles/Receipt-2217-5755 (1).pdf to inst/output/Receipts/Twenty.com/2024-05-08-Twenty.com-Receipt-2217-5755.pdf
2024-06-25 20:00:25.460992 [INFO]: Archived inst/testfiles/Receipt-2217-5755 (1).pdf to inst/testfiles/archive/2024-06-25
2024-06-25 20:00:25.523782 [INFO]: Finished processing inst/testfiles/Receipt-2217-5755 (1).pdf
2024-06-25 20:00:25.535876 [INFO]: Processing inst/testfiles/Receipt-2217-5755 (2).pdf...
2024-06-25 20:00:25.55988 [WARNING]: File inst/output/Receipts/Twenty.com/2024-05-08-Twenty.com-Receipt-2217-5755.pdf already exists. Overwriting...
2024-06-25 20:00:26.629063 [INFO]: Processed inst/testfiles/Receipt-2217-5755 (2).pdf to inst/output/Receipts/Twenty.com/2024-05-08-Twenty.com-Receipt-2217-5755.pdf
2024-06-25 20:00:26.647744 [INFO]: Archived inst/testfiles/Receipt-2217-5755 (2).pdf to inst/testfiles/archive/2024-06-25
2024-06-25 20:00:26.70954 [INFO]: Finished processing inst/testfiles/Receipt-2217-5755 (2).pdf
2024-06-25 20:00:28.291879 [INFO]: Processing inst/testfiles/Receipt-2217-5755.pdf...
2024-06-25 20:00:28.313173 [WARNING]: File inst/output/Receipts/Twenty.com/2024-05-08-Twenty.com-Receipt-2217-5755.pdf already exists. Overwriting...
2024-06-25 20:00:28.33622 [INFO]: Processed inst/testfiles/Receipt-2217-5755.pdf to inst/output/Receipts/Twenty.com/2024-05-08-Twenty.com-Receipt-2217-5755.pdf
2024-06-25 20:00:29.324738 [INFO]: Archived inst/testfiles/Receipt-2217-5755.pdf to inst/testfiles/archive/2024-06-25
2024-06-25 20:00:29.382672 [INFO]: Finished processing inst/testfiles/Receipt-2217-5755.pdf
2024-06-25 20:00:29.396803 [INFO]: Processing inst/testfiles/Receipt-2434-3640.pdf...
2024-06-25 20:00:29.451808 [INFO]: Processed inst/testfiles/Receipt-2434-3640.pdf

 to inst/output/Receipts/Fly.io/2024-04-30-Fly.io-Receipt-2434-3640.pdf
2024-06-25 20:00:29.470802 [INFO]: Archived inst/testfiles/Receipt-2434-3640.pdf to inst/testfiles/archive/2024-06-25
2024-06-25 20:00:29.48476 [INFO]: Finished processing inst/testfiles/Receipt-2434-3640.pdf
2024-06-25 20:00:33.026432 [INFO]: Processing inst/testfiles/Receipt-2485-8071.pdf...
2024-06-25 20:00:33.059689 [INFO]: Processed inst/testfiles/Receipt-2485-8071.pdf to inst/output/Receipts/Fly.io/2024-03-31-Fly.io-Receipt-2485-8071.pdf
2024-06-25 20:00:33.07768 [INFO]: Archived inst/testfiles/Receipt-2485-8071.pdf to inst/testfiles/archive/2024-06-25
2024-06-25 20:00:33.140303 [INFO]: Finished processing inst/testfiles/Receipt-2485-8071.pdf
2024-06-25 20:00:33.152349 [INFO]: Processing inst/testfiles/Receipt-2704-3284 (1).pdf...
2024-06-25 20:00:33.193397 [INFO]: Processed inst/testfiles/Receipt-2704-3284 (1).pdf to inst/output/Receipts/Testimonial/2024-04-03-Testimonial-Receipt-2704-3284.pdf
2024-06-25 20:00:33.210892 [INFO]: Archived inst/testfiles/Receipt-2704-3284 (1).pdf to inst/testfiles/archive/2024-06-25
2024-06-25 20:00:33.272968 [INFO]: Finished processing inst/testfiles/Receipt-2704-3284 (1).pdf
2024-06-25 20:00:34.76572 [INFO]: Processing inst/testfiles/Receipt-2704-3284 (2).pdf...
2024-06-25 20:00:34.788251 [WARNING]: File inst/output/Receipts/Testimonial/2024-04-03-Testimonial-Receipt-2704-3284.pdf already exists. Overwriting...
2024-06-25 20:00:34.805841 [INFO]: Processed inst/testfiles/Receipt-2704-3284 (2).pdf to inst/output/Receipts/Testimonial/2024-04-03-Testimonial-Receipt-2704-3284.pdf
2024-06-25 20:00:34.826161 [INFO]: Archived inst/testfiles/Receipt-2704-3284 (2).pdf to inst/testfiles/archive/2024-06-25
2024-06-25 20:00:35.986492 [INFO]: Finished processing inst/testfiles/Receipt-2704-3284 (2).pdf
2024-06-25 20:00:36.000903 [INFO]: Processing inst/testfiles/Receipt-2704-3284 (3).pdf...
2024-06-25 20:00:36.029981 [WARNING]: File inst/output/Receipts/Testimonial/2024-04-03-Testimonial-Receipt-2704-3284.pdf already exists. Overwriting...
2024-06-25 20:00:36.048859 [INFO]: Processed inst/testfiles/Receipt-2704-3284 (3).pdf to inst/output/Receipts/Testimonial/2024-04-03-Testimonial-Receipt-2704-3284.pdf
2024-06-25 20:00:36.066622 [INFO]: Archived inst/testfiles/Receipt-2704-3284 (3).pdf to inst/testfiles/archive/2024-06-25
2024-06-25 20:00:36.130394 [INFO]: Finished processing inst/testfiles/Receipt-2704-3284 (3).pdf
2024-06-25 20:00:36.14783 [INFO]: Processing inst/testfiles/Receipt-2704-3284.pdf...
2024-06-25 20:00:36.171819 [WARNING]: File inst/output/Receipts/Testimonial/2024-04-03-Testimonial-Receipt-2704-3284.pdf already exists. Overwriting...
2024-06-25 20:00:36.190132 [INFO]: Processed inst/testfiles/Receipt-2704-3284.pdf to inst/output/Receipts/Testimonial/2024-04-03-Testimonial-Receipt-2704-3284.pdf
2024-06-25 20:00:36.208003 [INFO]: Archived inst/testfiles/Receipt-2704-3284.pdf to inst/testfiles/archive/2024-06-25
2024-06-25 20:00:36.222345 [INFO]: Finished processing inst/testfiles/Receipt-2704-3284.pdf
2024-06-25 20:00:36.24009 [INFO]: Processing inst/testfiles/Receipt-2704-9162.pdf...
2024-06-25 20:00:36.265583 [INFO]: Processed inst/testfiles/Receipt-2704-9162.pdf to inst/output/Receipts/Testimonial/2024-05-03-Testimonial-Receipt-2704-9162.pdf
2024-06-25 20:00:40.052997 [INFO]: Archived inst/testfiles/Receipt-2704-9162.pdf to inst/testfiles/archive/2024-06-25
2024-06-25 20:00:40.182052 [INFO]: Finished processing inst/testfiles/Receipt-2704-9162.pdf
2024-06-25 20:00:40.195756 [INFO]: Processing inst/testfiles/Receipt-2881-1843.pdf...
2024-06-25 20:00:40.704584 [INFO]: Processed inst/testfiles/Receipt-2881-1843.pdf to inst/output/Receipts/Cal.com/2024-03-11-Cal.com-Receipt-2881-1843.pdf
2024-06-25 20:00:40.725812 [INFO]: Archived inst/testfiles/Receipt-2881-1843.pdf to inst/testfiles/archive/2024-06-25
2024-06-25 20:00:40.763891 [INFO]: Finished processing inst/testfiles/Receipt-2881-1843.pdf
